<?xml version="1.0" encoding="UTF-8"?>
<!-- Generated by org.testng.reporters.JUnitXMLReporter -->
<testsuite hostname="MUBIN" name="Test" tests="1" failures="0" timestamp="16 Jan 2020 05:16:50 GMT" time="0.187" errors="0">
  <testcase name="@BeforeMethod launchApp" time="0.0" classname="com.project.tests.Test1">
    <failure type="java.lang.IllegalStateException" message="The driver executable does not exist: C:\Users\user\Desktop\Selenium\Maven Project\.\driver\chromedriver.exe">
      <![CDATA[java.lang.IllegalStateException: The driver executable does not exist: C:\Users\user\Desktop\Selenium\Maven Project\.\driver\chromedriver.exe
	at com.google.common.base.Preconditions.checkState(Preconditions.java:585)
	at org.openqa.selenium.remote.service.DriverService.checkExecutable(DriverService.java:146)
	at org.openqa.selenium.remote.service.DriverService.findExecutable(DriverService.java:141)
	at org.openqa.selenium.chrome.ChromeDriverService.access$000(ChromeDriverService.java:35)
	at org.openqa.selenium.chrome.ChromeDriverService$Builder.findDefaultExecutable(ChromeDriverService.java:159)
	at org.openqa.selenium.remote.service.DriverService$Builder.build(DriverService.java:355)
	at org.openqa.selenium.chrome.ChromeDriverService.createDefaultService(ChromeDriverService.java:94)
	at org.openqa.selenium.chrome.ChromeDriver.<init>(ChromeDriver.java:123)
	at com.project.generic.BaseClass.launchApp(BaseClass.java:24)
... Removed 27 stack frames]]>
    </failure>
  </testcase> <!-- @BeforeMethod launchApp -->
  <testcase name="@AfterMethod tearDown" time="0.0" classname="com.project.tests.Test1">
    <skipped/>
  </testcase> <!-- @AfterMethod tearDown -->
  <testcase name="method1" time="0.016" classname="com.project.tests.Test1">
    <skipped/>
  </testcase> <!-- method1 -->
</testsuite> <!-- Test -->
